0 info it worked if it ends with ok
1 verbose cli [ '/usr/local/Cellar/node/4.1.2/bin/node',
1 verbose cli   '/usr/local/bin/npm',
1 verbose cli   'install',
1 verbose cli   '--save',
1 verbose cli   'google-books-search' ]
2 info using npm@2.14.6
3 info using node@v4.1.2
4 verbose install initial load of /Users/laperlablancaIV/Documents/Universidad/Linköping/TDDD29/TDDD272016_BOOKUS/package.json
5 warn package.json angularjs-seed@ No license field.
6 verbose installManyTop reading scoped package data from /Users/laperlablancaIV/Documents/Universidad/Linköping/TDDD29/TDDD272016_BOOKUS/node_modules/bower/package.json
7 verbose installManyTop reading scoped package data from /Users/laperlablancaIV/Documents/Universidad/Linköping/TDDD29/TDDD272016_BOOKUS/node_modules/express/package.json
8 verbose installManyTop reading scoped package data from /Users/laperlablancaIV/Documents/Universidad/Linköping/TDDD29/TDDD272016_BOOKUS/node_modules/firebase/package.json
9 verbose installManyTop reading scoped package data from /Users/laperlablancaIV/Documents/Universidad/Linköping/TDDD29/TDDD272016_BOOKUS/node_modules/google-books-search/package.json
10 verbose installManyTop reading scoped package data from /Users/laperlablancaIV/Documents/Universidad/Linköping/TDDD29/TDDD272016_BOOKUS/node_modules/karma/package.json
11 verbose installManyTop reading scoped package data from /Users/laperlablancaIV/Documents/Universidad/Linköping/TDDD29/TDDD272016_BOOKUS/node_modules/karma-chrome-launcher/package.json
12 verbose installManyTop reading scoped package data from /Users/laperlablancaIV/Documents/Universidad/Linköping/TDDD29/TDDD272016_BOOKUS/node_modules/karma-coffee-preprocessor/package.json
13 verbose installManyTop reading scoped package data from /Users/laperlablancaIV/Documents/Universidad/Linköping/TDDD29/TDDD272016_BOOKUS/node_modules/karma-firefox-launcher/package.json
14 verbose installManyTop reading scoped package data from /Users/laperlablancaIV/Documents/Universidad/Linköping/TDDD29/TDDD272016_BOOKUS/node_modules/karma-html2js-preprocessor/package.json
15 verbose installManyTop reading scoped package data from /Users/laperlablancaIV/Documents/Universidad/Linköping/TDDD29/TDDD272016_BOOKUS/node_modules/karma-jasmine/package.json
16 verbose installManyTop reading scoped package data from /Users/laperlablancaIV/Documents/Universidad/Linköping/TDDD29/TDDD272016_BOOKUS/node_modules/karma-junit-reporter/package.json
17 verbose installManyTop reading scoped package data from /Users/laperlablancaIV/Documents/Universidad/Linköping/TDDD29/TDDD272016_BOOKUS/node_modules/karma-ng-scenario/package.json
18 verbose installManyTop reading scoped package data from /Users/laperlablancaIV/Documents/Universidad/Linköping/TDDD29/TDDD272016_BOOKUS/node_modules/karma-phantomjs-launcher/package.json
19 verbose installManyTop reading scoped package data from /Users/laperlablancaIV/Documents/Universidad/Linköping/TDDD29/TDDD272016_BOOKUS/node_modules/karma-requirejs/package.json
20 verbose installManyTop reading scoped package data from /Users/laperlablancaIV/Documents/Universidad/Linköping/TDDD29/TDDD272016_BOOKUS/node_modules/karma-script-launcher/package.json
21 verbose installManyTop reading scoped package data from /Users/laperlablancaIV/Documents/Universidad/Linköping/TDDD29/TDDD272016_BOOKUS/node_modules/phantomjs/package.json
22 info package.json karma-phantomjs-launcher@0.1.4 No README data
23 info package.json firebase@2.2.9 No license field.
24 info package.json karma@0.10.10 No license field.
25 verbose readDependencies loading dependencies from /Users/laperlablancaIV/Documents/Universidad/Linköping/TDDD29/TDDD272016_BOOKUS/package.json
26 verbose install google-books-search is installed as 0.3.0
27 silly cache add args [ 'google-books-search', null ]
28 verbose cache add spec google-books-search
29 silly cache add parsed spec Result {
29 silly cache add   raw: 'google-books-search',
29 silly cache add   scope: null,
29 silly cache add   name: 'google-books-search',
29 silly cache add   rawSpec: '',
29 silly cache add   spec: '*',
29 silly cache add   type: 'range' }
30 silly addNamed google-books-search@*
31 verbose addNamed "*" is a valid semver range for google-books-search
32 silly addNameRange { name: 'google-books-search', range: '*', hasData: false }
33 silly mapToRegistry name google-books-search
34 silly mapToRegistry using default registry
35 silly mapToRegistry registry https://registry.npmjs.org/
36 silly mapToRegistry uri https://registry.npmjs.org/google-books-search
37 verbose addNameRange registry:https://registry.npmjs.org/google-books-search not in flight; fetching
38 verbose request uri https://registry.npmjs.org/google-books-search
39 verbose request no auth needed
40 info attempt registry request try #1 at 17:50:17
41 verbose request id 8b746081abc27798
42 verbose etag "BW0YMATKL87N7EP720ARNDFFN"
43 http request GET https://registry.npmjs.org/google-books-search
44 http 304 https://registry.npmjs.org/google-books-search
45 verbose headers { date: 'Tue, 10 May 2016 15:50:18 GMT',
45 verbose headers   via: '1.1 varnish',
45 verbose headers   'cache-control': 'max-age=300',
45 verbose headers   etag: '"BW0YMATKL87N7EP720ARNDFFN"',
45 verbose headers   age: '0',
45 verbose headers   connection: 'keep-alive',
45 verbose headers   'x-served-by': 'cache-fra1234-FRA',
45 verbose headers   'x-cache': 'MISS',
45 verbose headers   'x-cache-hits': '0',
45 verbose headers   'x-timer': 'S1462895418.132271,VS0,VE112',
45 verbose headers   vary: 'Accept-Encoding' }
46 silly get cb [ 304,
46 silly get   { date: 'Tue, 10 May 2016 15:50:18 GMT',
46 silly get     via: '1.1 varnish',
46 silly get     'cache-control': 'max-age=300',
46 silly get     etag: '"BW0YMATKL87N7EP720ARNDFFN"',
46 silly get     age: '0',
46 silly get     connection: 'keep-alive',
46 silly get     'x-served-by': 'cache-fra1234-FRA',
46 silly get     'x-cache': 'MISS',
46 silly get     'x-cache-hits': '0',
46 silly get     'x-timer': 'S1462895418.132271,VS0,VE112',
46 silly get     vary: 'Accept-Encoding' } ]
47 verbose etag https://registry.npmjs.org/google-books-search from cache
48 verbose get saving google-books-search to /Users/laperlablancaIV/.npm/registry.npmjs.org/google-books-search/.cache.json
49 silly addNameRange number 2 { name: 'google-books-search', range: '*', hasData: true }
50 silly addNameRange versions [ 'google-books-search',
50 silly addNameRange   [ '0.0.1', '0.1.2', '0.1.3', '0.2.0', '0.3.0' ] ]
51 silly addNamed google-books-search@0.3.0
52 verbose addNamed "0.3.0" is a plain semver version for google-books-search
53 silly cache afterAdd google-books-search@0.3.0
54 verbose afterAdd /Users/laperlablancaIV/.npm/google-books-search/0.3.0/package/package.json not in flight; writing
55 verbose afterAdd /Users/laperlablancaIV/.npm/google-books-search/0.3.0/package/package.json written
56 silly install resolved [ { name: 'google-books-search',
56 silly install resolved     version: '0.3.0',
56 silly install resolved     description: 'A lightweight node wrapper for the Google Books API.',
56 silly install resolved     main: './lib/google-books-search.js',
56 silly install resolved     dependencies: { lodash: '^4.4.0', querystring: '^0.2.0' },
56 silly install resolved     devDependencies: { mocha: '1.x.x', should: '0.6.x' },
56 silly install resolved     scripts: { test: 'make test' },
56 silly install resolved     repository:
56 silly install resolved      { type: 'git',
56 silly install resolved        url: 'git+https://github.com/smilledge/node-google-books-search.git' },
56 silly install resolved     keywords: [ 'google-books', 'api', 'books' ],
56 silly install resolved     author: { name: 'Sam Milledge' },
56 silly install resolved     license: 'MIT',
56 silly install resolved     gitHead: 'd277d41fc7f8e4e832867a6e1d493aa320b257d3',
56 silly install resolved     bugs: { url: 'https://github.com/smilledge/node-google-books-search/issues' },
56 silly install resolved     homepage: 'https://github.com/smilledge/node-google-books-search#readme',
56 silly install resolved     _id: 'google-books-search@0.3.0',
56 silly install resolved     _shasum: '3f9fcc916bcd9ea3c0f9b4e9a94c1ca775f8906a',
56 silly install resolved     _from: 'google-books-search@*',
56 silly install resolved     _npmVersion: '3.5.3',
56 silly install resolved     _nodeVersion: '5.4.1',
56 silly install resolved     _npmUser: { name: 'smilledge', email: 's.milledge92@gmail.com' },
56 silly install resolved     dist:
56 silly install resolved      { shasum: '3f9fcc916bcd9ea3c0f9b4e9a94c1ca775f8906a',
56 silly install resolved        tarball: 'https://registry.npmjs.org/google-books-search/-/google-books-search-0.3.0.tgz' },
56 silly install resolved     maintainers: [ [Object] ],
56 silly install resolved     _npmOperationalInternal:
56 silly install resolved      { host: 'packages-12-west.internal.npmjs.com',
56 silly install resolved        tmp: 'tmp/google-books-search-0.3.0.tgz_1459647360238_0.9095233650878072' },
56 silly install resolved     directories: {},
56 silly install resolved     _resolved: 'https://registry.npmjs.org/google-books-search/-/google-books-search-0.3.0.tgz',
56 silly install resolved     readme: 'ERROR: No README data found!' } ]
57 info install google-books-search@0.3.0 into /Users/laperlablancaIV/Documents/Universidad/Linköping/TDDD29/TDDD272016_BOOKUS
58 info installOne google-books-search@0.3.0
59 verbose installOne of google-books-search to /Users/laperlablancaIV/Documents/Universidad/Linköping/TDDD29/TDDD272016_BOOKUS not in flight; installing
60 verbose lock using /Users/laperlablancaIV/.npm/_locks/google-books-search-cc1804b93feb8508.lock for /Users/laperlablancaIV/Documents/Universidad/Linköping/TDDD29/TDDD272016_BOOKUS/node_modules/google-books-search
61 silly install write writing google-books-search 0.3.0 to /Users/laperlablancaIV/Documents/Universidad/Linköping/TDDD29/TDDD272016_BOOKUS/node_modules/google-books-search
62 verbose unbuild node_modules/google-books-search
63 info preuninstall google-books-search@0.3.0
64 info uninstall google-books-search@0.3.0
65 verbose unbuild rmStuff google-books-search@0.3.0 from /Users/laperlablancaIV/Documents/Universidad/Linköping/TDDD29/TDDD272016_BOOKUS/node_modules
66 info postuninstall google-books-search@0.3.0
67 silly gentlyRm /Users/laperlablancaIV/Documents/Universidad/Linköping/TDDD29/TDDD272016_BOOKUS/node_modules/google-books-search is being purged from base /Users/laperlablancaIV/Documents/Universidad/Linköping/TDDD29/TDDD272016_BOOKUS
68 verbose gentlyRm don't care about contents; nuking /Users/laperlablancaIV/Documents/Universidad/Linköping/TDDD29/TDDD272016_BOOKUS/node_modules/google-books-search
69 silly vacuum-fs purging /Users/laperlablancaIV/Documents/Universidad/Linköping/TDDD29/TDDD272016_BOOKUS/node_modules/google-books-search
70 silly vacuum-fs quitting because other entries in /Users/laperlablancaIV/Documents/Universidad/Linköping/TDDD29/TDDD272016_BOOKUS/node_modules
71 verbose tar unpack /Users/laperlablancaIV/.npm/google-books-search/0.3.0/package.tgz
72 verbose tar unpacking to /Users/laperlablancaIV/Documents/Universidad/Linköping/TDDD29/TDDD272016_BOOKUS/node_modules/google-books-search
73 silly gentlyRm /Users/laperlablancaIV/Documents/Universidad/Linköping/TDDD29/TDDD272016_BOOKUS/node_modules/google-books-search is being purged
74 verbose gentlyRm don't care about contents; nuking /Users/laperlablancaIV/Documents/Universidad/Linköping/TDDD29/TDDD272016_BOOKUS/node_modules/google-books-search
75 silly gunzTarPerm modes [ '755', '644' ]
76 silly gunzTarPerm extractEntry package.json
77 silly gunzTarPerm extractEntry .npmignore
78 silly gunzTarPerm extractEntry README.md
79 silly gunzTarPerm extractEntry LICENSE
80 silly gunzTarPerm extractEntry .travis.yml
81 silly gunzTarPerm extractEntry Makefile
82 silly gunzTarPerm extractEntry lib/google-books-search.js
83 verbose write writing to /Users/laperlablancaIV/Documents/Universidad/Linköping/TDDD29/TDDD272016_BOOKUS/node_modules/google-books-search/package.json
84 info preinstall google-books-search@0.3.0
85 verbose readDependencies loading dependencies from /Users/laperlablancaIV/Documents/Universidad/Linköping/TDDD29/TDDD272016_BOOKUS/node_modules/google-books-search/package.json
86 silly prepareForInstallMany adding lodash@^4.4.0 from google-books-search dependencies
87 silly prepareForInstallMany adding querystring@^0.2.0 from google-books-search dependencies
88 verbose readDependencies loading dependencies from /Users/laperlablancaIV/Documents/Universidad/Linköping/TDDD29/TDDD272016_BOOKUS/node_modules/google-books-search/package.json
89 silly cache add args [ 'querystring@^0.2.0', null ]
90 verbose cache add spec querystring@^0.2.0
91 silly cache add parsed spec Result {
91 silly cache add   raw: 'querystring@^0.2.0',
91 silly cache add   scope: null,
91 silly cache add   name: 'querystring',
91 silly cache add   rawSpec: '^0.2.0',
91 silly cache add   spec: '>=0.2.0 <0.3.0',
91 silly cache add   type: 'range' }
92 silly addNamed querystring@>=0.2.0 <0.3.0
93 verbose addNamed ">=0.2.0 <0.3.0" is a valid semver range for querystring
94 silly addNameRange { name: 'querystring', range: '>=0.2.0 <0.3.0', hasData: false }
95 silly mapToRegistry name querystring
96 silly mapToRegistry using default registry
97 silly mapToRegistry registry https://registry.npmjs.org/
98 silly mapToRegistry uri https://registry.npmjs.org/querystring
99 verbose addNameRange registry:https://registry.npmjs.org/querystring not in flight; fetching
100 silly cache add args [ 'lodash@^4.4.0', null ]
101 verbose cache add spec lodash@^4.4.0
102 silly cache add parsed spec Result {
102 silly cache add   raw: 'lodash@^4.4.0',
102 silly cache add   scope: null,
102 silly cache add   name: 'lodash',
102 silly cache add   rawSpec: '^4.4.0',
102 silly cache add   spec: '>=4.4.0 <5.0.0',
102 silly cache add   type: 'range' }
103 silly addNamed lodash@>=4.4.0 <5.0.0
104 verbose addNamed ">=4.4.0 <5.0.0" is a valid semver range for lodash
105 silly addNameRange { name: 'lodash', range: '>=4.4.0 <5.0.0', hasData: false }
106 silly mapToRegistry name lodash
107 silly mapToRegistry using default registry
108 silly mapToRegistry registry https://registry.npmjs.org/
109 silly mapToRegistry uri https://registry.npmjs.org/lodash
110 verbose addNameRange registry:https://registry.npmjs.org/lodash not in flight; fetching
111 verbose request uri https://registry.npmjs.org/querystring
112 verbose request no auth needed
113 info attempt registry request try #1 at 17:50:18
114 verbose etag "11YQ53D606SOWEA3G1546PB7F"
115 http request GET https://registry.npmjs.org/querystring
116 verbose request uri https://registry.npmjs.org/lodash
117 verbose request no auth needed
118 info attempt registry request try #1 at 17:50:18
119 verbose etag "13DXPCSRIES26S49KY6KWETA2"
120 http request GET https://registry.npmjs.org/lodash
121 http 200 https://registry.npmjs.org/querystring
122 verbose headers { server: 'CouchDB/1.5.0 (Erlang OTP/R16B03)',
122 verbose headers   etag: '"EZHLLCJNJ7K3L9U00QJGJ587H"',
122 verbose headers   'content-type': 'application/json',
122 verbose headers   'cache-control': 'max-age=300',
122 verbose headers   'content-length': '5929',
122 verbose headers   'accept-ranges': 'bytes',
122 verbose headers   date: 'Tue, 10 May 2016 15:50:18 GMT',
122 verbose headers   via: '1.1 varnish',
122 verbose headers   age: '221',
122 verbose headers   connection: 'keep-alive',
122 verbose headers   'x-served-by': 'cache-fra1220-FRA',
122 verbose headers   'x-cache': 'HIT',
122 verbose headers   'x-cache-hits': '2',
122 verbose headers   'x-timer': 'S1462895418.636431,VS0,VE0',
122 verbose headers   vary: 'Accept-Encoding' }
123 silly get cb [ 200,
123 silly get   { server: 'CouchDB/1.5.0 (Erlang OTP/R16B03)',
123 silly get     etag: '"EZHLLCJNJ7K3L9U00QJGJ587H"',
123 silly get     'content-type': 'application/json',
123 silly get     'cache-control': 'max-age=300',
123 silly get     'content-length': '5929',
123 silly get     'accept-ranges': 'bytes',
123 silly get     date: 'Tue, 10 May 2016 15:50:18 GMT',
123 silly get     via: '1.1 varnish',
123 silly get     age: '221',
123 silly get     connection: 'keep-alive',
123 silly get     'x-served-by': 'cache-fra1220-FRA',
123 silly get     'x-cache': 'HIT',
123 silly get     'x-cache-hits': '2',
123 silly get     'x-timer': 'S1462895418.636431,VS0,VE0',
123 silly get     vary: 'Accept-Encoding' } ]
124 verbose get saving querystring to /Users/laperlablancaIV/.npm/registry.npmjs.org/querystring/.cache.json
125 http 304 https://registry.npmjs.org/lodash
126 verbose headers { date: 'Tue, 10 May 2016 15:50:18 GMT',
126 verbose headers   via: '1.1 varnish',
126 verbose headers   'cache-control': 'max-age=300',
126 verbose headers   etag: '"13DXPCSRIES26S49KY6KWETA2"',
126 verbose headers   age: '249',
126 verbose headers   connection: 'keep-alive',
126 verbose headers   'x-served-by': 'cache-fra1235-FRA',
126 verbose headers   'x-cache': 'HIT',
126 verbose headers   'x-cache-hits': '27',
126 verbose headers   'x-timer': 'S1462895418.643819,VS0,VE0',
126 verbose headers   vary: 'Accept-Encoding' }
127 silly get cb [ 304,
127 silly get   { date: 'Tue, 10 May 2016 15:50:18 GMT',
127 silly get     via: '1.1 varnish',
127 silly get     'cache-control': 'max-age=300',
127 silly get     etag: '"13DXPCSRIES26S49KY6KWETA2"',
127 silly get     age: '249',
127 silly get     connection: 'keep-alive',
127 silly get     'x-served-by': 'cache-fra1235-FRA',
127 silly get     'x-cache': 'HIT',
127 silly get     'x-cache-hits': '27',
127 silly get     'x-timer': 'S1462895418.643819,VS0,VE0',
127 silly get     vary: 'Accept-Encoding' } ]
128 verbose etag https://registry.npmjs.org/lodash from cache
129 verbose get saving lodash to /Users/laperlablancaIV/.npm/registry.npmjs.org/lodash/.cache.json
130 silly addNameRange number 2 { name: 'querystring', range: '>=0.2.0 <0.3.0', hasData: true }
131 silly addNameRange versions [ 'querystring', [ '0.0.1', '0.0.4', '0.1.0', '0.2.0' ] ]
132 silly addNamed querystring@0.2.0
133 verbose addNamed "0.2.0" is a plain semver version for querystring
134 silly cache afterAdd querystring@0.2.0
135 verbose afterAdd /Users/laperlablancaIV/.npm/querystring/0.2.0/package/package.json not in flight; writing
136 silly addNameRange number 2 { name: 'lodash', range: '>=4.4.0 <5.0.0', hasData: true }
137 silly addNameRange versions [ 'lodash',
137 silly addNameRange   [ '0.1.0',
137 silly addNameRange     '0.2.0',
137 silly addNameRange     '0.2.1',
137 silly addNameRange     '0.2.2',
137 silly addNameRange     '0.3.0',
137 silly addNameRange     '0.3.1',
137 silly addNameRange     '0.3.2',
137 silly addNameRange     '0.4.0',
137 silly addNameRange     '0.4.1',
137 silly addNameRange     '0.4.2',
137 silly addNameRange     '0.5.0-rc.1',
137 silly addNameRange     '0.5.0',
137 silly addNameRange     '0.5.1',
137 silly addNameRange     '0.5.2',
137 silly addNameRange     '0.6.0',
137 silly addNameRange     '0.6.1',
137 silly addNameRange     '0.7.0',
137 silly addNameRange     '0.8.0',
137 silly addNameRange     '0.8.1',
137 silly addNameRange     '0.8.2',
137 silly addNameRange     '0.9.0',
137 silly addNameRange     '0.9.1',
137 silly addNameRange     '0.9.2',
137 silly addNameRange     '0.10.0',
137 silly addNameRange     '1.0.0-rc.1',
137 silly addNameRange     '1.0.0-rc.2',
137 silly addNameRange     '1.0.0-rc.3',
137 silly addNameRange     '1.0.0',
137 silly addNameRange     '1.0.1',
137 silly addNameRange     '1.1.0',
137 silly addNameRange     '1.1.1',
137 silly addNameRange     '1.2.0',
137 silly addNameRange     '1.2.1',
137 silly addNameRange     '1.3.0',
137 silly addNameRange     '1.3.1',
137 silly addNameRange     '2.0.0',
137 silly addNameRange     '2.1.0',
137 silly addNameRange     '2.2.0',
137 silly addNameRange     '2.2.1',
137 silly addNameRange     '2.3.0',
137 silly addNameRange     '2.4.0',
137 silly addNameRange     '2.4.1',
137 silly addNameRange     '3.0.0',
137 silly addNameRange     '3.0.1',
137 silly addNameRange     '3.1.0',
137 silly addNameRange     '3.2.0',
137 silly addNameRange     '3.3.0',
137 silly addNameRange     '3.3.1',
137 silly addNameRange     '3.4.0',
137 silly addNameRange     '3.5.0',
137 silly addNameRange     '3.6.0',
137 silly addNameRange     '1.0.2',
137 silly addNameRange     '3.7.0',
137 silly addNameRange     '2.4.2',
137 silly addNameRange     '3.8.0',
137 silly addNameRange     '3.9.0',
137 silly addNameRange     '3.9.1',
137 silly addNameRange     '3.9.2',
137 silly addNameRange     '3.9.3',
137 silly addNameRange     '3.10.0',
137 silly addNameRange     '3.10.1',
137 silly addNameRange     '4.0.0',
137 silly addNameRange     '4.0.1',
137 silly addNameRange     '4.1.0',
137 silly addNameRange     '4.2.0',
137 silly addNameRange     '4.2.1',
137 silly addNameRange     '4.3.0',
137 silly addNameRange     '4.4.0',
137 silly addNameRange     '4.5.0',
137 silly addNameRange     '4.5.1',
137 silly addNameRange     '4.6.0',
137 silly addNameRange     '4.6.1',
137 silly addNameRange     '4.7.0',
137 silly addNameRange     '4.8.0',
137 silly addNameRange     '4.8.1',
137 silly addNameRange     '4.8.2',
137 silly addNameRange     '4.9.0',
137 silly addNameRange     '4.10.0',
137 silly addNameRange     '4.11.0',
137 silly addNameRange     '4.11.1',
137 silly addNameRange     '4.11.2',
137 silly addNameRange     '4.12.0' ] ]
138 silly addNamed lodash@4.12.0
139 verbose addNamed "4.12.0" is a plain semver version for lodash
140 silly cache afterAdd lodash@4.12.0
141 verbose afterAdd /Users/laperlablancaIV/.npm/lodash/4.12.0/package/package.json not in flight; writing
142 verbose afterAdd /Users/laperlablancaIV/.npm/querystring/0.2.0/package/package.json written
143 verbose afterAdd /Users/laperlablancaIV/.npm/lodash/4.12.0/package/package.json written
144 silly install resolved [ { name: 'querystring',
144 silly install resolved     id: 'querystring',
144 silly install resolved     version: '0.2.0',
144 silly install resolved     description: 'Node\'s querystring module for all engines.',
144 silly install resolved     keywords: [ 'commonjs', 'query', 'querystring' ],
144 silly install resolved     author: { name: 'Irakli Gozalishvili', email: 'rfobic@gmail.com' },
144 silly install resolved     repository:
144 silly install resolved      { type: 'git',
144 silly install resolved        url: 'git://github.com/Gozala/querystring.git',
144 silly install resolved        web: 'https://github.com/Gozala/querystring' },
144 silly install resolved     bugs: { url: 'http://github.com/Gozala/querystring/issues/' },
144 silly install resolved     devDependencies:
144 silly install resolved      { test: '~0.x.0',
144 silly install resolved        phantomify: '~0.x.0',
144 silly install resolved        retape: '~0.x.0',
144 silly install resolved        tape: '~0.1.5' },
144 silly install resolved     engines: { node: '>=0.4.x' },
144 silly install resolved     scripts:
144 silly install resolved      { test: 'npm run test-node && npm run test-browser && npm run test-tap',
144 silly install resolved        'test-browser': 'node ./node_modules/phantomify/bin/cmd.js ./test/common-index.js',
144 silly install resolved        'test-node': 'node ./test/common-index.js',
144 silly install resolved        'test-tap': 'node ./test/tap-index.js' },
144 silly install resolved     testling: { files: 'test/tap-index.js', browsers: [Object] },
144 silly install resolved     licenses: [ [Object] ],
144 silly install resolved     readme: '# querystring\n\n[![Build Status](https://secure.travis-ci.org/Gozala/querystring.png)](http://travis-ci.org/Gozala/querystring)\n\n\n[![Browser support](http://ci.testling.com/Gozala/querystring.png)](http://ci.testling.com/Gozala/querystring)\n\n\n\nNode\'s querystring module for all engines.\n\n## Install ##\n\n    npm install querystring\n\n',
144 silly install resolved     readmeFilename: 'Readme.md',
144 silly install resolved     homepage: 'https://github.com/Gozala/querystring#readme',
144 silly install resolved     _id: 'querystring@0.2.0',
144 silly install resolved     _shasum: 'b209849203bb25df820da756e747005878521620',
144 silly install resolved     _resolved: 'https://registry.npmjs.org/querystring/-/querystring-0.2.0.tgz',
144 silly install resolved     _from: 'querystring@>=0.2.0 <0.3.0' },
144 silly install resolved   { name: 'lodash',
144 silly install resolved     version: '4.12.0',
144 silly install resolved     description: 'Lodash modular utilities.',
144 silly install resolved     keywords: [ 'modules', 'stdlib', 'util' ],
144 silly install resolved     homepage: 'https://lodash.com/',
144 silly install resolved     repository: { type: 'git', url: 'git+https://github.com/lodash/lodash.git' },
144 silly install resolved     icon: 'https://lodash.com/icon.svg',
144 silly install resolved     license: 'MIT',
144 silly install resolved     main: 'lodash.js',
144 silly install resolved     author:
144 silly install resolved      { name: 'John-David Dalton',
144 silly install resolved        email: 'john.david.dalton@gmail.com',
144 silly install resolved        url: 'http://allyoucanleet.com/' },
144 silly install resolved     contributors: [ [Object], [Object], [Object] ],
144 silly install resolved     scripts: { test: 'echo "See https://travis-ci.org/lodash/lodash-cli for testing details."' },
144 silly install resolved     bugs: { url: 'https://github.com/lodash/lodash/issues' },
144 silly install resolved     _id: 'lodash@4.12.0',
144 silly install resolved     _shasum: '2bd6dc46a040f59e686c972ed21d93dc59053258',
144 silly install resolved     _from: 'lodash@>=4.4.0 <5.0.0',
144 silly install resolved     _npmVersion: '2.15.5',
144 silly install resolved     _nodeVersion: '6.0.0',
144 silly install resolved     _npmUser: { name: 'jdalton', email: 'john.david.dalton@gmail.com' },
144 silly install resolved     dist:
144 silly install resolved      { shasum: '2bd6dc46a040f59e686c972ed21d93dc59053258',
144 silly install resolved        tarball: 'https://registry.npmjs.org/lodash/-/lodash-4.12.0.tgz' },
144 silly install resolved     maintainers: [ [Object], [Object], [Object] ],
144 silly install resolved     _npmOperationalInternal:
144 silly install resolved      { host: 'packages-16-east.internal.npmjs.com',
144 silly install resolved        tmp: 'tmp/lodash-4.12.0.tgz_1462735540938_0.36508488352410495' },
144 silly install resolved     directories: {},
144 silly install resolved     _resolved: 'https://registry.npmjs.org/lodash/-/lodash-4.12.0.tgz',
144 silly install resolved     readme: 'ERROR: No README data found!' } ]
145 info install querystring@0.2.0 into /Users/laperlablancaIV/Documents/Universidad/Linköping/TDDD29/TDDD272016_BOOKUS/node_modules/google-books-search
146 info install lodash@4.12.0 into /Users/laperlablancaIV/Documents/Universidad/Linköping/TDDD29/TDDD272016_BOOKUS/node_modules/google-books-search
147 info installOne querystring@0.2.0
148 verbose installOne of querystring to /Users/laperlablancaIV/Documents/Universidad/Linköping/TDDD29/TDDD272016_BOOKUS/node_modules/google-books-search not in flight; installing
149 info installOne lodash@4.12.0
150 verbose installOne of lodash to /Users/laperlablancaIV/Documents/Universidad/Linköping/TDDD29/TDDD272016_BOOKUS/node_modules/google-books-search not in flight; installing
151 verbose lock using /Users/laperlablancaIV/.npm/_locks/querystring-37412b98e4aa14cb.lock for /Users/laperlablancaIV/Documents/Universidad/Linköping/TDDD29/TDDD272016_BOOKUS/node_modules/google-books-search/node_modules/querystring
152 verbose lock using /Users/laperlablancaIV/.npm/_locks/lodash-1a7a2462a92f0099.lock for /Users/laperlablancaIV/Documents/Universidad/Linköping/TDDD29/TDDD272016_BOOKUS/node_modules/google-books-search/node_modules/lodash
153 silly install write writing querystring 0.2.0 to /Users/laperlablancaIV/Documents/Universidad/Linköping/TDDD29/TDDD272016_BOOKUS/node_modules/google-books-search/node_modules/querystring
154 silly install write writing lodash 4.12.0 to /Users/laperlablancaIV/Documents/Universidad/Linköping/TDDD29/TDDD272016_BOOKUS/node_modules/google-books-search/node_modules/lodash
155 verbose unbuild node_modules/google-books-search/node_modules/querystring
156 verbose unbuild node_modules/google-books-search/node_modules/lodash
157 silly gentlyRm /Users/laperlablancaIV/Documents/Universidad/Linköping/TDDD29/TDDD272016_BOOKUS/node_modules/google-books-search/node_modules/querystring is being purged from base /Users/laperlablancaIV/Documents/Universidad/Linköping/TDDD29/TDDD272016_BOOKUS
158 verbose gentlyRm don't care about contents; nuking /Users/laperlablancaIV/Documents/Universidad/Linköping/TDDD29/TDDD272016_BOOKUS/node_modules/google-books-search/node_modules/querystring
159 verbose tar unpack /Users/laperlablancaIV/.npm/querystring/0.2.0/package.tgz
160 verbose tar unpacking to /Users/laperlablancaIV/Documents/Universidad/Linköping/TDDD29/TDDD272016_BOOKUS/node_modules/google-books-search/node_modules/querystring
161 silly gentlyRm /Users/laperlablancaIV/Documents/Universidad/Linköping/TDDD29/TDDD272016_BOOKUS/node_modules/google-books-search/node_modules/querystring is being purged
162 verbose gentlyRm don't care about contents; nuking /Users/laperlablancaIV/Documents/Universidad/Linköping/TDDD29/TDDD272016_BOOKUS/node_modules/google-books-search/node_modules/querystring
163 silly gentlyRm /Users/laperlablancaIV/Documents/Universidad/Linköping/TDDD29/TDDD272016_BOOKUS/node_modules/google-books-search/node_modules/lodash is being purged from base /Users/laperlablancaIV/Documents/Universidad/Linköping/TDDD29/TDDD272016_BOOKUS
164 verbose gentlyRm don't care about contents; nuking /Users/laperlablancaIV/Documents/Universidad/Linköping/TDDD29/TDDD272016_BOOKUS/node_modules/google-books-search/node_modules/lodash
165 silly gunzTarPerm modes [ '755', '644' ]
166 verbose tar unpack /Users/laperlablancaIV/.npm/lodash/4.12.0/package.tgz
167 verbose tar unpacking to /Users/laperlablancaIV/Documents/Universidad/Linköping/TDDD29/TDDD272016_BOOKUS/node_modules/google-books-search/node_modules/lodash
168 silly gentlyRm /Users/laperlablancaIV/Documents/Universidad/Linköping/TDDD29/TDDD272016_BOOKUS/node_modules/google-books-search/node_modules/lodash is being purged
169 verbose gentlyRm don't care about contents; nuking /Users/laperlablancaIV/Documents/Universidad/Linköping/TDDD29/TDDD272016_BOOKUS/node_modules/google-books-search/node_modules/lodash
170 silly gunzTarPerm modes [ '755', '644' ]
171 silly gunzTarPerm extractEntry package.json
172 silly gunzTarPerm extractEntry package.json
173 silly gunzTarPerm extractEntry decode.js
174 silly gunzTarPerm extractEntry encode.js
175 silly gunzTarPerm extractEntry README.md
176 silly gunzTarPerm extractEntry LICENSE
177 silly gunzTarPerm extractEntry index.js
178 silly gunzTarPerm extractEntry History.md
179 silly gunzTarPerm extractEntry _cloneBuffer.js
180 silly gunzTarPerm extractEntry create.js
181 silly gunzTarPerm extractEntry .Readme.md.un~
182 silly gunzTarPerm extractEntry .package.json.un~
183 silly gunzTarPerm extractEntry curry.js
184 silly gunzTarPerm extractEntry _checkGlobal.js
185 silly gunzTarPerm extractEntry .travis.yml
186 silly gunzTarPerm extractEntry _cloneArrayBuffer.js
187 silly gunzTarPerm extractEntry countBy.js
188 silly gunzTarPerm extractEntry License.md
189 silly gunzTarPerm extractEntry .History.md.un~
190 silly gunzTarPerm extractEntry deburr.js
191 silly gunzTarPerm extractEntry defaults.js
192 silly gunzTarPerm extractEntry Readme.md
193 silly gunzTarPerm extractEntry test/common-index.js
194 silly gunzTarPerm extractEntry defaultsDeep.js
195 silly gunzTarPerm extractEntry defer.js
196 silly gunzTarPerm extractEntry test/index.js
197 silly gunzTarPerm extractEntry test/tap-index.js
198 silly gunzTarPerm extractEntry delay.js
199 silly gunzTarPerm extractEntry core.min.js
200 silly gunzTarPerm extractEntry test/.index.js.un~
201 silly gunzTarPerm extractEntry difference.js
202 silly gunzTarPerm extractEntry core.js
203 silly gunzTarPerm extractEntry differenceBy.js
204 silly gunzTarPerm extractEntry constant.js
205 silly gunzTarPerm extractEntry differenceWith.js
206 silly gunzTarPerm extractEntry conforms.js
207 silly gunzTarPerm extractEntry divide.js
208 silly gunzTarPerm extractEntry cond.js
209 silly gunzTarPerm extractEntry drop.js
210 silly gunzTarPerm extractEntry concat.js
211 silly gunzTarPerm extractEntry dropRight.js
212 silly gunzTarPerm extractEntry compact.js
213 silly gunzTarPerm extractEntry dropRightWhile.js
214 silly gunzTarPerm extractEntry commit.js
215 silly gunzTarPerm extractEntry dropWhile.js
216 silly gunzTarPerm extractEntry collection.js
217 verbose write writing to /Users/laperlablancaIV/Documents/Universidad/Linköping/TDDD29/TDDD272016_BOOKUS/node_modules/google-books-search/node_modules/querystring/package.json
218 silly gunzTarPerm extractEntry each.js
219 silly gunzTarPerm extractEntry cloneWith.js
220 info preinstall querystring@0.2.0
221 verbose readDependencies loading dependencies from /Users/laperlablancaIV/Documents/Universidad/Linköping/TDDD29/TDDD272016_BOOKUS/node_modules/google-books-search/node_modules/querystring/package.json
222 silly gunzTarPerm extractEntry eachRight.js
223 silly gunzTarPerm extractEntry cloneDeepWith.js
224 silly gunzTarPerm extractEntry endsWith.js
225 silly gunzTarPerm extractEntry cloneDeep.js
226 verbose readDependencies loading dependencies from /Users/laperlablancaIV/Documents/Universidad/Linköping/TDDD29/TDDD272016_BOOKUS/node_modules/google-books-search/node_modules/querystring/package.json
227 silly gunzTarPerm extractEntry entries.js
228 silly gunzTarPerm extractEntry clone.js
229 silly gunzTarPerm extractEntry entriesIn.js
230 silly install resolved []
231 verbose about to build /Users/laperlablancaIV/Documents/Universidad/Linköping/TDDD29/TDDD272016_BOOKUS/node_modules/google-books-search/node_modules/querystring
232 info build /Users/laperlablancaIV/Documents/Universidad/Linköping/TDDD29/TDDD272016_BOOKUS/node_modules/google-books-search/node_modules/querystring
233 silly gunzTarPerm extractEntry clamp.js
234 silly gunzTarPerm extractEntry eq.js
235 info linkStuff querystring@0.2.0
236 silly linkStuff querystring@0.2.0 has /Users/laperlablancaIV/Documents/Universidad/Linköping/TDDD29/TDDD272016_BOOKUS/node_modules/google-books-search/node_modules as its parent node_modules
237 silly gunzTarPerm extractEntry chunk.js
238 silly gunzTarPerm extractEntry escape.js
239 silly gunzTarPerm extractEntry chain.js
240 verbose linkBins querystring@0.2.0
241 verbose linkMans querystring@0.2.0
242 verbose rebuildBundles querystring@0.2.0
243 info install querystring@0.2.0
244 info postinstall querystring@0.2.0
245 verbose unlock done using /Users/laperlablancaIV/.npm/_locks/querystring-37412b98e4aa14cb.lock for /Users/laperlablancaIV/Documents/Universidad/Linköping/TDDD29/TDDD272016_BOOKUS/node_modules/google-books-search/node_modules/querystring
246 silly gunzTarPerm extractEntry escapeRegExp.js
247 silly gunzTarPerm extractEntry ceil.js
248 silly gunzTarPerm extractEntry every.js
249 silly gunzTarPerm extractEntry castArray.js
250 silly gunzTarPerm extractEntry extend.js
251 silly gunzTarPerm extractEntry capitalize.js
252 silly gunzTarPerm extractEntry extendWith.js
253 silly gunzTarPerm extractEntry camelCase.js
254 silly gunzTarPerm extractEntry fill.js
255 silly gunzTarPerm extractEntry bindKey.js
256 silly gunzTarPerm extractEntry filter.js
257 silly gunzTarPerm extractEntry bindAll.js
258 silly gunzTarPerm extractEntry find.js
259 silly gunzTarPerm extractEntry bind.js
260 silly gunzTarPerm extractEntry findIndex.js
261 silly gunzTarPerm extractEntry before.js
262 silly gunzTarPerm extractEntry findKey.js
263 silly gunzTarPerm extractEntry attempt.js
264 silly gunzTarPerm extractEntry findLast.js
265 silly gunzTarPerm extractEntry at.js
266 silly gunzTarPerm extractEntry findLastIndex.js
267 silly gunzTarPerm extractEntry assignWith.js
268 silly gunzTarPerm extractEntry findLastKey.js
269 silly gunzTarPerm extractEntry assignInWith.js
270 silly gunzTarPerm extractEntry first.js
271 silly gunzTarPerm extractEntry assignIn.js
272 silly gunzTarPerm extractEntry flatMap.js
273 silly gunzTarPerm extractEntry assign.js
274 silly gunzTarPerm extractEntry flatMapDeep.js
275 silly gunzTarPerm extractEntry ary.js
276 silly gunzTarPerm extractEntry flatMapDepth.js
277 silly gunzTarPerm extractEntry array.js
278 silly gunzTarPerm extractEntry flatten.js
279 silly gunzTarPerm extractEntry after.js
280 silly gunzTarPerm extractEntry flattenDeep.js
281 silly gunzTarPerm extractEntry add.js
282 silly gunzTarPerm extractEntry flattenDepth.js
283 silly gunzTarPerm extractEntry _wrapperClone.js
284 silly gunzTarPerm extractEntry flip.js
285 silly gunzTarPerm extractEntry _unescapeHtmlChar.js
286 silly gunzTarPerm extractEntry floor.js
287 silly gunzTarPerm extractEntry _toSource.js
288 silly gunzTarPerm extractEntry flow.js
289 silly gunzTarPerm extractEntry _toKey.js
290 silly gunzTarPerm extractEntry flowRight.js
291 silly gunzTarPerm extractEntry _stringToPath.js
292 silly gunzTarPerm extractEntry forEach.js
293 silly gunzTarPerm extractEntry _stringToArray.js
294 silly gunzTarPerm extractEntry forEachRight.js
295 silly gunzTarPerm extractEntry _stringSize.js
296 silly gunzTarPerm extractEntry forIn.js
297 silly gunzTarPerm extractEntry _stackSet.js
298 silly gunzTarPerm extractEntry forInRight.js
299 silly gunzTarPerm extractEntry _stackHas.js
300 silly gunzTarPerm extractEntry forOwn.js
301 silly gunzTarPerm extractEntry _stackGet.js
302 silly gunzTarPerm extractEntry forOwnRight.js
303 silly gunzTarPerm extractEntry _stackDelete.js
304 silly gunzTarPerm extractEntry zipObjectDeep.js
305 silly gunzTarPerm extractEntry _stackClear.js
306 silly gunzTarPerm extractEntry fp.js
307 silly gunzTarPerm extractEntry _setToPairs.js
308 silly gunzTarPerm extractEntry fromPairs.js
309 silly gunzTarPerm extractEntry _setToArray.js
310 silly gunzTarPerm extractEntry function.js
311 silly gunzTarPerm extractEntry _setData.js
312 silly gunzTarPerm extractEntry functions.js
313 silly gunzTarPerm extractEntry _setCacheHas.js
314 silly gunzTarPerm extractEntry functionsIn.js
315 silly gunzTarPerm extractEntry _setCacheAdd.js
316 silly gunzTarPerm extractEntry get.js
317 silly gunzTarPerm extractEntry _root.js
318 silly gunzTarPerm extractEntry groupBy.js
319 silly gunzTarPerm extractEntry _replaceHolders.js
320 silly gunzTarPerm extractEntry gt.js
321 silly gunzTarPerm extractEntry _reorder.js
322 silly gunzTarPerm extractEntry gte.js
323 silly gunzTarPerm extractEntry _realNames.js
324 silly gunzTarPerm extractEntry has.js
325 silly gunzTarPerm extractEntry _reInterpolate.js
326 silly gunzTarPerm extractEntry hasIn.js
327 silly gunzTarPerm extractEntry _reHasComplexSymbol.js
328 silly gunzTarPerm extractEntry head.js
329 silly gunzTarPerm extractEntry _reEvaluate.js
330 silly gunzTarPerm extractEntry identity.js
331 silly gunzTarPerm extractEntry _reEscape.js
332 silly gunzTarPerm extractEntry inRange.js
333 silly gunzTarPerm extractEntry _parent.js
334 silly gunzTarPerm extractEntry includes.js
335 silly gunzTarPerm extractEntry _nativeCreate.js
336 silly gunzTarPerm extractEntry index.js
337 silly gunzTarPerm extractEntry _metaMap.js
338 silly gunzTarPerm extractEntry indexOf.js
339 silly gunzTarPerm extractEntry _mergeDefaults.js
340 silly gunzTarPerm extractEntry initial.js
341 silly gunzTarPerm extractEntry _mergeData.js
342 silly gunzTarPerm extractEntry intersection.js
343 silly gunzTarPerm extractEntry _matchesStrictComparable.js
344 silly gunzTarPerm extractEntry intersectionBy.js
345 silly gunzTarPerm extractEntry _mapToArray.js
346 silly gunzTarPerm extractEntry intersectionWith.js
347 silly gunzTarPerm extractEntry _mapCacheSet.js
348 silly gunzTarPerm extractEntry invert.js
349 silly gunzTarPerm extractEntry _mapCacheHas.js
350 silly gunzTarPerm extractEntry invertBy.js
351 silly gunzTarPerm extractEntry _mapCacheGet.js
352 silly gunzTarPerm extractEntry invoke.js
353 silly gunzTarPerm extractEntry _mapCacheDelete.js
354 silly gunzTarPerm extractEntry invokeMap.js
355 silly gunzTarPerm extractEntry _mapCacheClear.js
356 silly gunzTarPerm extractEntry isArguments.js
357 silly gunzTarPerm extractEntry _listCacheSet.js
358 silly gunzTarPerm extractEntry isArray.js
359 silly gunzTarPerm extractEntry _listCacheHas.js
360 silly gunzTarPerm extractEntry isArrayBuffer.js
361 silly gunzTarPerm extractEntry _listCacheGet.js
362 silly gunzTarPerm extractEntry isArrayLike.js
363 silly gunzTarPerm extractEntry _listCacheDelete.js
364 silly gunzTarPerm extractEntry isArrayLikeObject.js
365 silly gunzTarPerm extractEntry _listCacheClear.js
366 silly gunzTarPerm extractEntry isBoolean.js
367 silly gunzTarPerm extractEntry _lazyValue.js
368 silly gunzTarPerm extractEntry isBuffer.js
369 silly gunzTarPerm extractEntry _lazyReverse.js
370 silly gunzTarPerm extractEntry isDate.js
371 silly gunzTarPerm extractEntry _lazyClone.js
372 silly gunzTarPerm extractEntry isElement.js
373 silly gunzTarPerm extractEntry _iteratorToArray.js
374 silly gunzTarPerm extractEntry isEmpty.js
375 silly gunzTarPerm extractEntry _isStrictComparable.js
376 silly gunzTarPerm extractEntry isEqual.js
377 silly gunzTarPerm extractEntry _isPrototype.js
378 silly gunzTarPerm extractEntry isEqualWith.js
379 silly gunzTarPerm extractEntry _isLaziable.js
380 silly gunzTarPerm extractEntry isError.js
381 silly gunzTarPerm extractEntry _isKeyable.js
382 silly gunzTarPerm extractEntry isFinite.js
383 silly gunzTarPerm extractEntry _isKey.js
384 silly gunzTarPerm extractEntry isFunction.js
385 silly gunzTarPerm extractEntry _isIterateeCall.js
386 silly gunzTarPerm extractEntry isInteger.js
387 silly gunzTarPerm extractEntry _isIndex.js
388 silly gunzTarPerm extractEntry isLength.js
389 silly gunzTarPerm extractEntry _isHostObject.js
390 silly gunzTarPerm extractEntry isMap.js
391 silly gunzTarPerm extractEntry _isFlattenableIteratee.js
392 silly gunzTarPerm extractEntry isMatch.js
393 silly gunzTarPerm extractEntry _isFlattenable.js
394 silly gunzTarPerm extractEntry isMatchWith.js
395 silly gunzTarPerm extractEntry _initCloneObject.js
396 silly gunzTarPerm extractEntry isNaN.js
397 silly gunzTarPerm extractEntry _initCloneByTag.js
398 silly gunzTarPerm extractEntry isNative.js
399 silly gunzTarPerm extractEntry _initCloneArray.js
400 silly gunzTarPerm extractEntry isNil.js
401 silly gunzTarPerm extractEntry _indexOfNaN.js
402 silly gunzTarPerm extractEntry isNull.js
403 silly gunzTarPerm extractEntry _indexKeys.js
404 silly gunzTarPerm extractEntry isNumber.js
405 silly gunzTarPerm extractEntry _hashSet.js
406 silly gunzTarPerm extractEntry isObject.js
407 silly gunzTarPerm extractEntry _hashHas.js
408 silly gunzTarPerm extractEntry isObjectLike.js
409 silly gunzTarPerm extractEntry _hashGet.js
410 silly gunzTarPerm extractEntry isPlainObject.js
411 silly gunzTarPerm extractEntry _hashDelete.js
412 silly gunzTarPerm extractEntry isRegExp.js
413 silly gunzTarPerm extractEntry _hashClear.js
414 silly gunzTarPerm extractEntry isSafeInteger.js
415 silly gunzTarPerm extractEntry _hasPath.js
416 silly gunzTarPerm extractEntry isSet.js
417 silly gunzTarPerm extractEntry _getView.js
418 silly gunzTarPerm extractEntry isString.js
419 silly gunzTarPerm extractEntry _getTag.js
420 silly gunzTarPerm extractEntry isSymbol.js
421 silly gunzTarPerm extractEntry _getSymbolsIn.js
422 silly gunzTarPerm extractEntry isTypedArray.js
423 silly gunzTarPerm extractEntry _getSymbols.js
424 silly gunzTarPerm extractEntry isUndefined.js
425 silly gunzTarPerm extractEntry _getPrototype.js
426 silly gunzTarPerm extractEntry isWeakMap.js
427 silly gunzTarPerm extractEntry _getNative.js
428 silly gunzTarPerm extractEntry isWeakSet.js
429 silly gunzTarPerm extractEntry _getMatchData.js
430 silly gunzTarPerm extractEntry iteratee.js
431 silly gunzTarPerm extractEntry _getMapData.js
432 silly gunzTarPerm extractEntry join.js
433 silly gunzTarPerm extractEntry _getLength.js
434 silly gunzTarPerm extractEntry kebabCase.js
435 silly gunzTarPerm extractEntry _getHolder.js
436 silly gunzTarPerm extractEntry keyBy.js
437 silly gunzTarPerm extractEntry _getFuncName.js
438 silly gunzTarPerm extractEntry keys.js
439 silly gunzTarPerm extractEntry _getData.js
440 silly gunzTarPerm extractEntry keysIn.js
441 silly gunzTarPerm extractEntry _getAllKeysIn.js
442 silly gunzTarPerm extractEntry lang.js
443 silly gunzTarPerm extractEntry _getAllKeys.js
444 silly gunzTarPerm extractEntry last.js
445 silly gunzTarPerm extractEntry _escapeStringChar.js
446 silly gunzTarPerm extractEntry lastIndexOf.js
447 silly gunzTarPerm extractEntry _escapeHtmlChar.js
448 silly gunzTarPerm extractEntry lodash.js
449 silly gunzTarPerm extractEntry _equalObjects.js
450 silly gunzTarPerm extractEntry lodash.min.js
451 silly gunzTarPerm extractEntry _equalByTag.js
452 silly gunzTarPerm extractEntry lowerCase.js
453 silly gunzTarPerm extractEntry _equalArrays.js
454 silly gunzTarPerm extractEntry lowerFirst.js
455 silly gunzTarPerm extractEntry _deburrLetter.js
456 silly gunzTarPerm extractEntry lt.js
457 silly gunzTarPerm extractEntry _createWrapper.js
458 silly gunzTarPerm extractEntry lte.js
459 silly gunzTarPerm extractEntry _createToPairs.js
460 silly gunzTarPerm extractEntry map.js
461 silly gunzTarPerm extractEntry _createSet.js
462 silly gunzTarPerm extractEntry mapKeys.js
463 silly gunzTarPerm extractEntry _createRound.js
464 silly gunzTarPerm extractEntry mapValues.js
465 silly gunzTarPerm extractEntry _createRelationalOperation.js
466 silly gunzTarPerm extractEntry matches.js
467 silly gunzTarPerm extractEntry _createRecurryWrapper.js
468 silly gunzTarPerm extractEntry matchesProperty.js
469 silly gunzTarPerm extractEntry _createRange.js
470 silly gunzTarPerm extractEntry math.js
471 silly gunzTarPerm extractEntry _createPartialWrapper.js
472 silly gunzTarPerm extractEntry max.js
473 silly gunzTarPerm extractEntry _createPadding.js
474 silly gunzTarPerm extractEntry maxBy.js
475 silly gunzTarPerm extractEntry _createOver.js
476 silly gunzTarPerm extractEntry mean.js
477 silly gunzTarPerm extractEntry _createMathOperation.js
478 silly gunzTarPerm extractEntry meanBy.js
479 silly gunzTarPerm extractEntry _createInverter.js
480 silly gunzTarPerm extractEntry memoize.js
481 silly gunzTarPerm extractEntry _createHybridWrapper.js
482 silly gunzTarPerm extractEntry merge.js
483 silly gunzTarPerm extractEntry _createFlow.js
484 silly gunzTarPerm extractEntry mergeWith.js
485 silly gunzTarPerm extractEntry _createCurryWrapper.js
486 silly gunzTarPerm extractEntry method.js
487 silly gunzTarPerm extractEntry _createCtorWrapper.js
488 silly gunzTarPerm extractEntry methodOf.js
489 silly gunzTarPerm extractEntry _createCompounder.js
490 silly gunzTarPerm extractEntry min.js
491 silly gunzTarPerm extractEntry _createCaseFirst.js
492 silly gunzTarPerm extractEntry minBy.js
493 silly gunzTarPerm extractEntry _createBaseWrapper.js
494 silly gunzTarPerm extractEntry mixin.js
495 silly gunzTarPerm extractEntry _createBaseFor.js
496 silly gunzTarPerm extractEntry multiply.js
497 silly gunzTarPerm extractEntry _createBaseEach.js
498 silly gunzTarPerm extractEntry negate.js
499 silly gunzTarPerm extractEntry _createAssigner.js
500 silly gunzTarPerm extractEntry next.js
501 silly gunzTarPerm extractEntry _createAggregator.js
502 silly gunzTarPerm extractEntry noop.js
503 silly gunzTarPerm extractEntry _countHolders.js
504 silly gunzTarPerm extractEntry now.js
505 silly gunzTarPerm extractEntry _copySymbols.js
506 silly gunzTarPerm extractEntry nth.js
507 silly gunzTarPerm extractEntry _copyObject.js
508 silly gunzTarPerm extractEntry nthArg.js
509 silly gunzTarPerm extractEntry _copyArray.js
510 silly gunzTarPerm extractEntry number.js
511 silly gunzTarPerm extractEntry _composeArgsRight.js
512 silly gunzTarPerm extractEntry object.js
513 silly gunzTarPerm extractEntry _composeArgs.js
514 silly gunzTarPerm extractEntry omit.js
515 silly gunzTarPerm extractEntry _compareMultiple.js
516 silly gunzTarPerm extractEntry omitBy.js
517 silly gunzTarPerm extractEntry _compareAscending.js
518 silly gunzTarPerm extractEntry once.js
519 silly gunzTarPerm extractEntry _cloneTypedArray.js
520 silly gunzTarPerm extractEntry orderBy.js
521 silly gunzTarPerm extractEntry _cloneSymbol.js
522 silly gunzTarPerm extractEntry over.js
523 silly gunzTarPerm extractEntry _cloneSet.js
524 silly gunzTarPerm extractEntry overArgs.js
525 silly gunzTarPerm extractEntry _cloneRegExp.js
526 silly gunzTarPerm extractEntry overEvery.js
527 silly gunzTarPerm extractEntry _cloneMap.js
528 silly gunzTarPerm extractEntry overSome.js
529 silly gunzTarPerm extractEntry _cloneDataView.js
530 silly gunzTarPerm extractEntry _charsStartIndex.js
531 silly gunzTarPerm extractEntry debounce.js
532 silly gunzTarPerm extractEntry pad.js
533 silly gunzTarPerm extractEntry _charsEndIndex.js
534 silly gunzTarPerm extractEntry padEnd.js
535 silly gunzTarPerm extractEntry _castSlice.js
536 silly gunzTarPerm extractEntry padStart.js
537 silly gunzTarPerm extractEntry _castPath.js
538 silly gunzTarPerm extractEntry parseInt.js
539 silly gunzTarPerm extractEntry _castFunction.js
540 silly gunzTarPerm extractEntry partial.js
541 silly gunzTarPerm extractEntry _castArrayLikeObject.js
542 silly gunzTarPerm extractEntry partialRight.js
543 silly gunzTarPerm extractEntry _cacheHas.js
544 silly gunzTarPerm extractEntry partition.js
545 silly gunzTarPerm extractEntry _baseZipObject.js
546 silly gunzTarPerm extractEntry pick.js
547 silly gunzTarPerm extractEntry _baseXor.js
548 silly gunzTarPerm extractEntry pickBy.js
549 silly gunzTarPerm extractEntry _baseWrapperValue.js
550 silly gunzTarPerm extractEntry plant.js
551 silly gunzTarPerm extractEntry _baseWhile.js
552 silly gunzTarPerm extractEntry property.js
553 silly gunzTarPerm extractEntry _baseValues.js
554 silly gunzTarPerm extractEntry propertyOf.js
555 silly gunzTarPerm extractEntry _baseUpdate.js
556 silly gunzTarPerm extractEntry pull.js
557 silly gunzTarPerm extractEntry _baseUnset.js
558 silly gunzTarPerm extractEntry pullAll.js
559 silly gunzTarPerm extractEntry _baseUniq.js
560 silly gunzTarPerm extractEntry pullAllBy.js
561 silly gunzTarPerm extractEntry _baseUnary.js
562 silly gunzTarPerm extractEntry pullAllWith.js
563 silly gunzTarPerm extractEntry _baseToString.js
564 silly gunzTarPerm extractEntry pullAt.js
565 silly gunzTarPerm extractEntry _baseToPairs.js
566 silly gunzTarPerm extractEntry random.js
567 silly gunzTarPerm extractEntry _baseToNumber.js
568 silly gunzTarPerm extractEntry range.js
569 silly gunzTarPerm extractEntry _baseTimes.js
570 silly gunzTarPerm extractEntry rangeRight.js
571 silly gunzTarPerm extractEntry _baseSum.js
572 silly gunzTarPerm extractEntry rearg.js
573 silly gunzTarPerm extractEntry _baseSortedUniq.js
574 silly gunzTarPerm extractEntry reduce.js
575 silly gunzTarPerm extractEntry _baseSortedIndexBy.js
576 silly gunzTarPerm extractEntry reduceRight.js
577 silly gunzTarPerm extractEntry _baseSortedIndex.js
578 silly gunzTarPerm extractEntry reject.js
579 silly gunzTarPerm extractEntry _baseSortBy.js
580 silly gunzTarPerm extractEntry remove.js
581 silly gunzTarPerm extractEntry _baseSome.js
582 silly gunzTarPerm extractEntry repeat.js
583 silly gunzTarPerm extractEntry _baseSlice.js
584 silly gunzTarPerm extractEntry replace.js
585 silly gunzTarPerm extractEntry _baseSetData.js
586 silly gunzTarPerm extractEntry rest.js
587 silly gunzTarPerm extractEntry _baseSet.js
588 silly gunzTarPerm extractEntry result.js
589 silly gunzTarPerm extractEntry _baseRepeat.js
590 silly gunzTarPerm extractEntry reverse.js
591 silly gunzTarPerm extractEntry _baseReduce.js
592 silly gunzTarPerm extractEntry round.js
593 silly gunzTarPerm extractEntry _baseRange.js
594 silly gunzTarPerm extractEntry sample.js
595 silly gunzTarPerm extractEntry _baseRandom.js
596 silly gunzTarPerm extractEntry sampleSize.js
597 silly gunzTarPerm extractEntry _basePullAt.js
598 silly gunzTarPerm extractEntry seq.js
599 silly gunzTarPerm extractEntry _basePullAll.js
600 silly gunzTarPerm extractEntry set.js
601 silly gunzTarPerm extractEntry _basePropertyDeep.js
602 silly gunzTarPerm extractEntry setWith.js
603 silly gunzTarPerm extractEntry _baseProperty.js
604 silly gunzTarPerm extractEntry shuffle.js
605 silly gunzTarPerm extractEntry _basePickBy.js
606 silly gunzTarPerm extractEntry size.js
607 silly gunzTarPerm extractEntry _basePick.js
608 silly gunzTarPerm extractEntry slice.js
609 silly gunzTarPerm extractEntry _baseOrderBy.js
610 silly gunzTarPerm extractEntry snakeCase.js
611 silly gunzTarPerm extractEntry _baseNth.js
612 silly gunzTarPerm extractEntry some.js
613 silly gunzTarPerm extractEntry _baseMergeDeep.js
614 silly gunzTarPerm extractEntry sortBy.js
615 silly gunzTarPerm extractEntry _baseMerge.js
616 silly gunzTarPerm extractEntry sortedIndex.js
617 silly gunzTarPerm extractEntry _baseMean.js
618 silly gunzTarPerm extractEntry sortedIndexBy.js
619 silly gunzTarPerm extractEntry _baseMatchesProperty.js
620 silly gunzTarPerm extractEntry sortedIndexOf.js
621 silly gunzTarPerm extractEntry _baseMatches.js
622 silly gunzTarPerm extractEntry sortedLastIndex.js
623 silly gunzTarPerm extractEntry _baseMap.js
624 silly gunzTarPerm extractEntry sortedLastIndexBy.js
625 silly gunzTarPerm extractEntry _baseLt.js
626 silly gunzTarPerm extractEntry sortedLastIndexOf.js
627 silly gunzTarPerm extractEntry _baseLodash.js
628 silly gunzTarPerm extractEntry sortedUniq.js
629 silly gunzTarPerm extractEntry _baseKeysIn.js
630 silly gunzTarPerm extractEntry sortedUniqBy.js
631 silly gunzTarPerm extractEntry _baseKeys.js
632 silly gunzTarPerm extractEntry split.js
633 silly gunzTarPerm extractEntry _baseIteratee.js
634 silly gunzTarPerm extractEntry spread.js
635 silly gunzTarPerm extractEntry _baseIsMatch.js
636 silly gunzTarPerm extractEntry startCase.js
637 silly gunzTarPerm extractEntry _baseIsEqualDeep.js
638 silly gunzTarPerm extractEntry startsWith.js
639 silly gunzTarPerm extractEntry _baseIsEqual.js
640 silly gunzTarPerm extractEntry string.js
641 silly gunzTarPerm extractEntry _baseInvoke.js
642 silly gunzTarPerm extractEntry subtract.js
643 silly gunzTarPerm extractEntry _baseInverter.js
644 silly gunzTarPerm extractEntry sum.js
645 silly gunzTarPerm extractEntry _baseIntersection.js
646 silly gunzTarPerm extractEntry sumBy.js
647 silly gunzTarPerm extractEntry _baseIndexOfWith.js
648 silly gunzTarPerm extractEntry tail.js
649 silly gunzTarPerm extractEntry _baseIndexOf.js
650 silly gunzTarPerm extractEntry take.js
651 silly gunzTarPerm extractEntry _baseInRange.js
652 silly gunzTarPerm extractEntry takeRight.js
653 silly gunzTarPerm extractEntry _baseHasIn.js
654 silly gunzTarPerm extractEntry takeRightWhile.js
655 silly gunzTarPerm extractEntry _baseHas.js
656 silly gunzTarPerm extractEntry takeWhile.js
657 silly gunzTarPerm extractEntry _baseGt.js
658 silly gunzTarPerm extractEntry tap.js
659 silly gunzTarPerm extractEntry _baseGetAllKeys.js
660 silly gunzTarPerm extractEntry template.js
661 silly gunzTarPerm extractEntry _baseGet.js
662 silly gunzTarPerm extractEntry templateSettings.js
663 silly gunzTarPerm extractEntry _baseFunctions.js
664 silly gunzTarPerm extractEntry throttle.js
665 silly gunzTarPerm extractEntry _baseForRight.js
666 silly gunzTarPerm extractEntry thru.js
667 silly gunzTarPerm extractEntry _baseForOwnRight.js
668 silly gunzTarPerm extractEntry times.js
669 silly gunzTarPerm extractEntry _baseForOwn.js
670 silly gunzTarPerm extractEntry toArray.js
671 silly gunzTarPerm extractEntry _baseFor.js
672 silly gunzTarPerm extractEntry toFinite.js
673 silly gunzTarPerm extractEntry _baseFlatten.js
674 silly gunzTarPerm extractEntry toInteger.js
675 silly gunzTarPerm extractEntry _baseFindIndex.js
676 silly gunzTarPerm extractEntry toIterator.js
677 silly gunzTarPerm extractEntry _baseFind.js
678 silly gunzTarPerm extractEntry toJSON.js
679 silly gunzTarPerm extractEntry _baseFilter.js
680 silly gunzTarPerm extractEntry toLength.js
681 silly gunzTarPerm extractEntry _baseFill.js
682 silly gunzTarPerm extractEntry toLower.js
683 silly gunzTarPerm extractEntry _baseExtremum.js
684 silly gunzTarPerm extractEntry toNumber.js
685 silly gunzTarPerm extractEntry _baseEvery.js
686 silly gunzTarPerm extractEntry toPairs.js
687 silly gunzTarPerm extractEntry _baseEachRight.js
688 silly gunzTarPerm extractEntry toPairsIn.js
689 silly gunzTarPerm extractEntry _baseEach.js
690 silly gunzTarPerm extractEntry toPath.js
691 silly gunzTarPerm extractEntry _baseDifference.js
692 silly gunzTarPerm extractEntry toPlainObject.js
693 silly gunzTarPerm extractEntry _baseDelay.js
694 silly gunzTarPerm extractEntry toSafeInteger.js
695 silly gunzTarPerm extractEntry _baseCreate.js
696 silly gunzTarPerm extractEntry toString.js
697 silly gunzTarPerm extractEntry _baseConforms.js
698 silly gunzTarPerm extractEntry toUpper.js
699 silly gunzTarPerm extractEntry _baseClone.js
700 silly gunzTarPerm extractEntry transform.js
701 silly gunzTarPerm extractEntry _baseClamp.js
702 silly gunzTarPerm extractEntry trim.js
703 silly gunzTarPerm extractEntry _baseAt.js
704 silly gunzTarPerm extractEntry trimEnd.js
705 silly gunzTarPerm extractEntry _baseAssign.js
706 silly gunzTarPerm extractEntry trimStart.js
707 silly gunzTarPerm extractEntry _baseAggregator.js
708 silly gunzTarPerm extractEntry truncate.js
709 silly gunzTarPerm extractEntry _assocIndexOf.js
710 silly gunzTarPerm extractEntry unary.js
711 silly gunzTarPerm extractEntry _assignValue.js
712 silly gunzTarPerm extractEntry unescape.js
713 silly gunzTarPerm extractEntry _assignMergeValue.js
714 silly gunzTarPerm extractEntry union.js
715 silly gunzTarPerm extractEntry _assignInDefaults.js
716 silly gunzTarPerm extractEntry unionBy.js
717 silly gunzTarPerm extractEntry _arraySome.js
718 silly gunzTarPerm extractEntry unionWith.js
719 silly gunzTarPerm extractEntry _arrayReduceRight.js
720 silly gunzTarPerm extractEntry uniq.js
721 silly gunzTarPerm extractEntry _arrayReduce.js
722 silly gunzTarPerm extractEntry uniqBy.js
723 silly gunzTarPerm extractEntry _arrayPush.js
724 silly gunzTarPerm extractEntry uniqWith.js
725 silly gunzTarPerm extractEntry _arrayMap.js
726 silly gunzTarPerm extractEntry uniqueId.js
727 silly gunzTarPerm extractEntry _arrayIncludesWith.js
728 silly gunzTarPerm extractEntry unset.js
729 silly gunzTarPerm extractEntry _arrayIncludes.js
730 silly gunzTarPerm extractEntry unzip.js
731 silly gunzTarPerm extractEntry _arrayFilter.js
732 silly gunzTarPerm extractEntry unzipWith.js
733 silly gunzTarPerm extractEntry _arrayEvery.js
734 silly gunzTarPerm extractEntry update.js
735 silly gunzTarPerm extractEntry _arrayEachRight.js
736 silly gunzTarPerm extractEntry updateWith.js
737 silly gunzTarPerm extractEntry _arrayEach.js
738 silly gunzTarPerm extractEntry upperCase.js
739 silly gunzTarPerm extractEntry _arrayAggregator.js
740 silly gunzTarPerm extractEntry upperFirst.js
741 silly gunzTarPerm extractEntry _apply.js
742 silly gunzTarPerm extractEntry util.js
743 silly gunzTarPerm extractEntry _addSetEntry.js
744 silly gunzTarPerm extractEntry value.js
745 silly gunzTarPerm extractEntry _addMapEntry.js
746 silly gunzTarPerm extractEntry valueOf.js
747 silly gunzTarPerm extractEntry _WeakMap.js
748 silly gunzTarPerm extractEntry values.js
749 silly gunzTarPerm extractEntry _Uint8Array.js
750 silly gunzTarPerm extractEntry valuesIn.js
751 silly gunzTarPerm extractEntry _Symbol.js
752 silly gunzTarPerm extractEntry without.js
753 silly gunzTarPerm extractEntry _Stack.js
754 silly gunzTarPerm extractEntry words.js
755 silly gunzTarPerm extractEntry _SetCache.js
756 silly gunzTarPerm extractEntry wrap.js
757 silly gunzTarPerm extractEntry _Set.js
758 silly gunzTarPerm extractEntry wrapperAt.js
759 silly gunzTarPerm extractEntry _Reflect.js
760 silly gunzTarPerm extractEntry wrapperChain.js
761 silly gunzTarPerm extractEntry _Promise.js
762 silly gunzTarPerm extractEntry wrapperLodash.js
763 silly gunzTarPerm extractEntry _MapCache.js
764 silly gunzTarPerm extractEntry wrapperReverse.js
765 silly gunzTarPerm extractEntry _Map.js
766 silly gunzTarPerm extractEntry wrapperValue.js
767 silly gunzTarPerm extractEntry _LodashWrapper.js
768 silly gunzTarPerm extractEntry xor.js
769 silly gunzTarPerm extractEntry _ListCache.js
770 silly gunzTarPerm extractEntry xorBy.js
771 silly gunzTarPerm extractEntry _LazyWrapper.js
772 silly gunzTarPerm extractEntry xorWith.js
773 silly gunzTarPerm extractEntry _Hash.js
774 silly gunzTarPerm extractEntry zip.js
775 silly gunzTarPerm extractEntry _DataView.js
776 silly gunzTarPerm extractEntry zipObject.js
777 silly gunzTarPerm extractEntry curryRight.js
778 silly gunzTarPerm extractEntry zipWith.js
779 silly gunzTarPerm extractEntry date.js
780 silly gunzTarPerm extractEntry fp/__.js
781 silly gunzTarPerm extractEntry fp/lastIndexOf.js
782 silly gunzTarPerm extractEntry fp/lowerCase.js
783 silly gunzTarPerm extractEntry fp/lowerFirst.js
784 silly gunzTarPerm extractEntry fp/last.js
785 silly gunzTarPerm extractEntry fp/lte.js
786 silly gunzTarPerm extractEntry fp/map.js
787 silly gunzTarPerm extractEntry fp/mapKeys.js
788 silly gunzTarPerm extractEntry fp/mapValues.js
789 silly gunzTarPerm extractEntry fp/matches.js
790 silly gunzTarPerm extractEntry fp/lang.js
791 silly gunzTarPerm extractEntry fp/matchesProperty.js
792 silly gunzTarPerm extractEntry fp/keysIn.js
793 silly gunzTarPerm extractEntry fp/math.js
794 silly gunzTarPerm extractEntry fp/keys.js
795 silly gunzTarPerm extractEntry fp/max.js
796 silly gunzTarPerm extractEntry fp/keyBy.js
797 silly gunzTarPerm extractEntry fp/maxBy.js
798 silly gunzTarPerm extractEntry fp/kebabCase.js
799 silly gunzTarPerm extractEntry fp/mean.js
800 silly gunzTarPerm extractEntry fp/juxt.js
801 silly gunzTarPerm extractEntry fp/meanBy.js
802 silly gunzTarPerm extractEntry fp/join.js
803 silly gunzTarPerm extractEntry fp/memoize.js
804 silly gunzTarPerm extractEntry fp/iteratee.js
805 silly gunzTarPerm extractEntry fp/merge.js
806 silly gunzTarPerm extractEntry fp/isWeakSet.js
807 silly gunzTarPerm extractEntry fp/mergeWith.js
808 silly gunzTarPerm extractEntry fp/isWeakMap.js
809 silly gunzTarPerm extractEntry fp/method.js
810 silly gunzTarPerm extractEntry fp/isUndefined.js
811 silly gunzTarPerm extractEntry fp/methodOf.js
812 silly gunzTarPerm extractEntry fp/isTypedArray.js
813 silly gunzTarPerm extractEntry fp/min.js
814 silly gunzTarPerm extractEntry fp/isSymbol.js
815 silly gunzTarPerm extractEntry fp/minBy.js
816 silly gunzTarPerm extractEntry fp/isString.js
817 silly gunzTarPerm extractEntry fp/mixin.js
818 silly gunzTarPerm extractEntry fp/isSet.js
819 silly gunzTarPerm extractEntry fp/multiply.js
820 silly gunzTarPerm extractEntry fp/isSafeInteger.js
821 silly gunzTarPerm extractEntry fp/nAry.js
822 silly gunzTarPerm extractEntry fp/isRegExp.js
823 silly gunzTarPerm extractEntry fp/negate.js
824 silly gunzTarPerm extractEntry fp/isPlainObject.js
825 silly gunzTarPerm extractEntry fp/next.js
826 silly gunzTarPerm extractEntry fp/isObjectLike.js
827 silly gunzTarPerm extractEntry fp/noop.js
828 silly gunzTarPerm extractEntry fp/isObject.js
829 silly gunzTarPerm extractEntry fp/now.js
830 silly gunzTarPerm extractEntry fp/isNumber.js
831 silly gunzTarPerm extractEntry fp/nth.js
832 silly gunzTarPerm extractEntry fp/isNull.js
833 silly gunzTarPerm extractEntry fp/nthArg.js
834 silly gunzTarPerm extractEntry fp/isNil.js
835 silly gunzTarPerm extractEntry fp/number.js
836 silly gunzTarPerm extractEntry fp/isNative.js
837 silly gunzTarPerm extractEntry fp/object.js
838 silly gunzTarPerm extractEntry fp/isNaN.js
839 silly gunzTarPerm extractEntry fp/omit.js
840 silly gunzTarPerm extractEntry fp/isMatchWith.js
841 silly gunzTarPerm extractEntry fp/omitAll.js
842 silly gunzTarPerm extractEntry fp/isMatch.js
843 silly gunzTarPerm extractEntry fp/omitBy.js
844 silly gunzTarPerm extractEntry fp/isMap.js
845 silly gunzTarPerm extractEntry fp/once.js
846 silly gunzTarPerm extractEntry fp/isLength.js
847 silly gunzTarPerm extractEntry fp/orderBy.js
848 silly gunzTarPerm extractEntry fp/isInteger.js
849 silly gunzTarPerm extractEntry fp/over.js
850 silly gunzTarPerm extractEntry fp/isFunction.js
851 silly gunzTarPerm extractEntry fp/overArgs.js
852 silly gunzTarPerm extractEntry fp/isFinite.js
853 silly gunzTarPerm extractEntry fp/overEvery.js
854 silly gunzTarPerm extractEntry fp/isError.js
855 silly gunzTarPerm extractEntry fp/overSome.js
856 silly gunzTarPerm extractEntry fp/isEqualWith.js
857 silly gunzTarPerm extractEntry fp/pad.js
858 silly gunzTarPerm extractEntry fp/isEqual.js
859 silly gunzTarPerm extractEntry fp/padChars.js
860 silly gunzTarPerm extractEntry fp/isEmpty.js
861 silly gunzTarPerm extractEntry fp/padCharsEnd.js
862 silly gunzTarPerm extractEntry fp/isElement.js
863 silly gunzTarPerm extractEntry fp/padCharsStart.js
864 silly gunzTarPerm extractEntry fp/isDate.js
865 silly gunzTarPerm extractEntry fp/padEnd.js
866 silly gunzTarPerm extractEntry fp/isBuffer.js
867 silly gunzTarPerm extractEntry fp/padStart.js
868 silly gunzTarPerm extractEntry fp/isBoolean.js
869 silly gunzTarPerm extractEntry fp/parseInt.js
870 silly gunzTarPerm extractEntry fp/isArrayLikeObject.js
871 silly gunzTarPerm extractEntry fp/partial.js
872 silly gunzTarPerm extractEntry fp/isArrayLike.js
873 silly gunzTarPerm extractEntry fp/partialRight.js
874 silly gunzTarPerm extractEntry fp/isArrayBuffer.js
875 silly gunzTarPerm extractEntry fp/partition.js
876 silly gunzTarPerm extractEntry fp/isArray.js
877 silly gunzTarPerm extractEntry fp/path.js
878 silly gunzTarPerm extractEntry fp/isArguments.js
879 silly gunzTarPerm extractEntry fp/pathEq.js
880 silly gunzTarPerm extractEntry fp/invokeMap.js
881 silly gunzTarPerm extractEntry fp/pathOr.js
882 silly gunzTarPerm extractEntry fp/invokeArgsMap.js
883 silly gunzTarPerm extractEntry fp/paths.js
884 silly gunzTarPerm extractEntry fp/invokeArgs.js
885 silly gunzTarPerm extractEntry fp/pick.js
886 silly gunzTarPerm extractEntry fp/invoke.js
887 silly gunzTarPerm extractEntry fp/pickAll.js
888 silly gunzTarPerm extractEntry fp/invertObj.js
889 silly gunzTarPerm extractEntry fp/pickBy.js
890 silly gunzTarPerm extractEntry fp/invertBy.js
891 silly gunzTarPerm extractEntry fp/pipe.js
892 silly gunzTarPerm extractEntry fp/invert.js
893 silly gunzTarPerm extractEntry fp/placeholder.js
894 silly gunzTarPerm extractEntry fp/intersectionWith.js
895 silly gunzTarPerm extractEntry fp/plant.js
896 silly gunzTarPerm extractEntry fp/intersectionBy.js
897 silly gunzTarPerm extractEntry fp/pluck.js
898 silly gunzTarPerm extractEntry fp/intersection.js
899 silly gunzTarPerm extractEntry fp/prop.js
900 silly gunzTarPerm extractEntry fp/initial.js
901 silly gunzTarPerm extractEntry fp/propEq.js
902 silly gunzTarPerm extractEntry fp/init.js
903 silly gunzTarPerm extractEntry fp/propOr.js
904 silly gunzTarPerm extractEntry fp/indexOf.js
905 silly gunzTarPerm extractEntry fp/property.js
906 silly gunzTarPerm extractEntry fp/includes.js
907 silly gunzTarPerm extractEntry fp/propertyOf.js
908 silly gunzTarPerm extractEntry fp/inRange.js
909 silly gunzTarPerm extractEntry fp/props.js
910 silly gunzTarPerm extractEntry fp/identity.js
911 silly gunzTarPerm extractEntry fp/pull.js
912 silly gunzTarPerm extractEntry fp/identical.js
913 silly gunzTarPerm extractEntry fp/pullAll.js
914 silly gunzTarPerm extractEntry fp/head.js
915 silly gunzTarPerm extractEntry fp/pullAllBy.js
916 silly gunzTarPerm extractEntry fp/hasIn.js
917 silly gunzTarPerm extractEntry fp/pullAllWith.js
918 silly gunzTarPerm extractEntry fp/has.js
919 silly gunzTarPerm extractEntry fp/pullAt.js
920 silly gunzTarPerm extractEntry fp/gte.js
921 silly gunzTarPerm extractEntry fp/random.js
922 silly gunzTarPerm extractEntry fp/gt.js
923 silly gunzTarPerm extractEntry fp/range.js
924 silly gunzTarPerm extractEntry fp/groupBy.js
925 silly gunzTarPerm extractEntry fp/rangeRight.js
926 silly gunzTarPerm extractEntry fp/getOr.js
927 silly gunzTarPerm extractEntry fp/rearg.js
928 silly gunzTarPerm extractEntry fp/get.js
929 silly gunzTarPerm extractEntry fp/reduce.js
930 silly gunzTarPerm extractEntry fp/functionsIn.js
931 silly gunzTarPerm extractEntry fp/reduceRight.js
932 silly gunzTarPerm extractEntry fp/functions.js
933 silly gunzTarPerm extractEntry fp/reject.js
934 silly gunzTarPerm extractEntry fp/function.js
935 silly gunzTarPerm extractEntry fp/remove.js
936 silly gunzTarPerm extractEntry fp/fromPairs.js
937 silly gunzTarPerm extractEntry fp/repeat.js
938 silly gunzTarPerm extractEntry fp/forOwnRight.js
939 silly gunzTarPerm extractEntry fp/replace.js
940 silly gunzTarPerm extractEntry fp/forOwn.js
941 silly gunzTarPerm extractEntry fp/rest.js
942 silly gunzTarPerm extractEntry fp/forInRight.js
943 silly gunzTarPerm extractEntry fp/restFrom.js
944 silly gunzTarPerm extractEntry fp/forIn.js
945 silly gunzTarPerm extractEntry fp/result.js
946 silly gunzTarPerm extractEntry fp/forEachRight.js
947 silly gunzTarPerm extractEntry fp/reverse.js
948 silly gunzTarPerm extractEntry fp/forEach.js
949 silly gunzTarPerm extractEntry fp/round.js
950 silly gunzTarPerm extractEntry fp/flowRight.js
951 silly gunzTarPerm extractEntry fp/sample.js
952 silly gunzTarPerm extractEntry fp/flow.js
953 silly gunzTarPerm extractEntry fp/sampleSize.js
954 silly gunzTarPerm extractEntry fp/floor.js
955 silly gunzTarPerm extractEntry fp/seq.js
956 silly gunzTarPerm extractEntry fp/flip.js
957 silly gunzTarPerm extractEntry fp/set.js
958 silly gunzTarPerm extractEntry fp/flattenDepth.js
959 silly gunzTarPerm extractEntry fp/setWith.js
960 silly gunzTarPerm extractEntry fp/flattenDeep.js
961 silly gunzTarPerm extractEntry fp/shuffle.js
962 silly gunzTarPerm extractEntry fp/flatten.js
963 silly gunzTarPerm extractEntry fp/size.js
964 silly gunzTarPerm extractEntry fp/flatMapDepth.js
965 silly gunzTarPerm extractEntry fp/slice.js
966 silly gunzTarPerm extractEntry fp/flatMapDeep.js
967 silly gunzTarPerm extractEntry fp/snakeCase.js
968 silly gunzTarPerm extractEntry fp/flatMap.js
969 silly gunzTarPerm extractEntry fp/some.js
970 silly gunzTarPerm extractEntry fp/first.js
971 silly gunzTarPerm extractEntry fp/sortBy.js
972 silly gunzTarPerm extractEntry fp/findLastKey.js
973 silly gunzTarPerm extractEntry fp/sortedIndex.js
974 silly gunzTarPerm extractEntry fp/findLastIndex.js
975 silly gunzTarPerm extractEntry fp/sortedIndexBy.js
976 silly gunzTarPerm extractEntry fp/findLast.js
977 silly gunzTarPerm extractEntry fp/sortedIndexOf.js
978 silly gunzTarPerm extractEntry fp/findKey.js
979 silly gunzTarPerm extractEntry fp/sortedLastIndex.js
980 silly gunzTarPerm extractEntry fp/findIndex.js
981 silly gunzTarPerm extractEntry fp/sortedLastIndexBy.js
982 silly gunzTarPerm extractEntry fp/find.js
983 silly gunzTarPerm extractEntry fp/sortedLastIndexOf.js
984 silly gunzTarPerm extractEntry fp/filter.js
985 silly gunzTarPerm extractEntry fp/sortedUniq.js
986 silly gunzTarPerm extractEntry fp/fill.js
987 silly gunzTarPerm extractEntry fp/sortedUniqBy.js
988 silly gunzTarPerm extractEntry fp/extendWith.js
989 silly gunzTarPerm extractEntry fp/split.js
990 silly gunzTarPerm extractEntry fp/extend.js
991 silly gunzTarPerm extractEntry fp/spread.js
992 silly gunzTarPerm extractEntry fp/every.js
993 silly gunzTarPerm extractEntry fp/spreadFrom.js
994 silly gunzTarPerm extractEntry fp/escapeRegExp.js
995 silly gunzTarPerm extractEntry fp/startCase.js
996 silly gunzTarPerm extractEntry fp/escape.js
997 silly gunzTarPerm extractEntry fp/startsWith.js
998 silly gunzTarPerm extractEntry fp/equals.js
999 silly gunzTarPerm extractEntry fp/string.js
1000 silly gunzTarPerm extractEntry fp/eq.js
1001 silly gunzTarPerm extractEntry fp/subtract.js
1002 silly gunzTarPerm extractEntry fp/entriesIn.js
1003 silly gunzTarPerm extractEntry fp/sum.js
1004 silly gunzTarPerm extractEntry fp/entries.js
1005 silly gunzTarPerm extractEntry fp/sumBy.js
1006 silly gunzTarPerm extractEntry fp/endsWith.js
1007 silly gunzTarPerm extractEntry fp/tail.js
1008 silly gunzTarPerm extractEntry fp/eachRight.js
1009 silly gunzTarPerm extractEntry fp/take.js
1010 silly gunzTarPerm extractEntry fp/each.js
1011 silly gunzTarPerm extractEntry fp/takeRight.js
1012 silly gunzTarPerm extractEntry fp/dropWhile.js
1013 silly gunzTarPerm extractEntry fp/takeRightWhile.js
1014 silly gunzTarPerm extractEntry fp/dropRightWhile.js
1015 silly gunzTarPerm extractEntry fp/takeWhile.js
1016 silly gunzTarPerm extractEntry fp/dropRight.js
1017 silly gunzTarPerm extractEntry fp/tap.js
1018 silly gunzTarPerm extractEntry fp/drop.js
1019 silly gunzTarPerm extractEntry fp/template.js
1020 silly gunzTarPerm extractEntry fp/divide.js
1021 silly gunzTarPerm extractEntry fp/templateSettings.js
1022 silly gunzTarPerm extractEntry fp/dissocPath.js
1023 silly gunzTarPerm extractEntry fp/throttle.js
1024 silly gunzTarPerm extractEntry fp/dissoc.js
1025 silly gunzTarPerm extractEntry fp/thru.js
1026 silly gunzTarPerm extractEntry fp/differenceWith.js
1027 silly gunzTarPerm extractEntry fp/times.js
1028 silly gunzTarPerm extractEntry fp/differenceBy.js
1029 silly gunzTarPerm extractEntry fp/toArray.js
1030 silly gunzTarPerm extractEntry fp/difference.js
1031 silly gunzTarPerm extractEntry fp/toFinite.js
1032 silly gunzTarPerm extractEntry fp/delay.js
1033 silly gunzTarPerm extractEntry fp/toInteger.js
1034 silly gunzTarPerm extractEntry fp/defer.js
1035 silly gunzTarPerm extractEntry fp/toIterator.js
1036 silly gunzTarPerm extractEntry fp/defaultsDeep.js
1037 silly gunzTarPerm extractEntry fp/toJSON.js
1038 silly gunzTarPerm extractEntry fp/defaults.js
1039 silly gunzTarPerm extractEntry fp/toLength.js
1040 silly gunzTarPerm extractEntry fp/deburr.js
1041 silly gunzTarPerm extractEntry fp/toLower.js
1042 silly gunzTarPerm extractEntry fp/debounce.js
1043 silly gunzTarPerm extractEntry fp/toNumber.js
1044 silly gunzTarPerm extractEntry fp/date.js
1045 silly gunzTarPerm extractEntry fp/toPairs.js
1046 silly gunzTarPerm extractEntry fp/curryRightN.js
1047 silly gunzTarPerm extractEntry fp/toPairsIn.js
1048 silly gunzTarPerm extractEntry fp/curryRight.js
1049 silly gunzTarPerm extractEntry fp/toPath.js
1050 silly gunzTarPerm extractEntry fp/curryN.js
1051 silly gunzTarPerm extractEntry fp/toPlainObject.js
1052 silly gunzTarPerm extractEntry fp/curry.js
1053 silly gunzTarPerm extractEntry fp/toSafeInteger.js
1054 silly gunzTarPerm extractEntry fp/create.js
1055 silly gunzTarPerm extractEntry fp/toString.js
1056 silly gunzTarPerm extractEntry fp/countBy.js
1057 silly gunzTarPerm extractEntry fp/toUpper.js
1058 silly gunzTarPerm extractEntry fp/convert.js
1059 silly gunzTarPerm extractEntry fp/transform.js
1060 silly gunzTarPerm extractEntry fp/contains.js
1061 silly gunzTarPerm extractEntry fp/trim.js
1062 silly gunzTarPerm extractEntry fp/constant.js
1063 silly gunzTarPerm extractEntry fp/trimChars.js
1064 silly gunzTarPerm extractEntry fp/conforms.js
1065 silly gunzTarPerm extractEntry fp/trimCharsEnd.js
1066 silly gunzTarPerm extractEntry fp/cond.js
1067 silly gunzTarPerm extractEntry fp/trimCharsStart.js
1068 silly gunzTarPerm extractEntry fp/concat.js
1069 silly gunzTarPerm extractEntry fp/trimEnd.js
1070 silly gunzTarPerm extractEntry fp/compose.js
1071 silly gunzTarPerm extractEntry fp/trimStart.js
1072 silly gunzTarPerm extractEntry fp/complement.js
1073 silly gunzTarPerm extractEntry fp/truncate.js
1074 silly gunzTarPerm extractEntry fp/compact.js
1075 silly gunzTarPerm extractEntry fp/unapply.js
1076 silly gunzTarPerm extractEntry fp/commit.js
1077 silly gunzTarPerm extractEntry fp/unary.js
1078 silly gunzTarPerm extractEntry fp/collection.js
1079 silly gunzTarPerm extractEntry fp/unescape.js
1080 silly gunzTarPerm extractEntry fp/cloneWith.js
1081 silly gunzTarPerm extractEntry fp/union.js
1082 silly gunzTarPerm extractEntry fp/cloneDeepWith.js
1083 silly gunzTarPerm extractEntry fp/unionBy.js
1084 silly gunzTarPerm extractEntry fp/cloneDeep.js
1085 silly gunzTarPerm extractEntry fp/unionWith.js
1086 silly gunzTarPerm extractEntry fp/clone.js
1087 silly gunzTarPerm extractEntry fp/uniq.js
1088 silly gunzTarPerm extractEntry fp/clamp.js
1089 silly gunzTarPerm extractEntry fp/uniqBy.js
1090 silly gunzTarPerm extractEntry fp/chunk.js
1091 silly gunzTarPerm extractEntry fp/uniqWith.js
1092 silly gunzTarPerm extractEntry fp/chain.js
1093 silly gunzTarPerm extractEntry fp/uniqueId.js
1094 silly gunzTarPerm extractEntry fp/ceil.js
1095 silly gunzTarPerm extractEntry fp/unnest.js
1096 silly gunzTarPerm extractEntry fp/castArray.js
1097 silly gunzTarPerm extractEntry fp/unset.js
1098 silly gunzTarPerm extractEntry fp/capitalize.js
1099 silly gunzTarPerm extractEntry fp/unzip.js
1100 silly gunzTarPerm extractEntry fp/camelCase.js
1101 silly gunzTarPerm extractEntry fp/unzipWith.js
1102 silly gunzTarPerm extractEntry fp/bindKey.js
1103 silly gunzTarPerm extractEntry fp/update.js
1104 silly gunzTarPerm extractEntry fp/bindAll.js
1105 silly gunzTarPerm extractEntry fp/updateWith.js
1106 silly gunzTarPerm extractEntry fp/bind.js
1107 silly gunzTarPerm extractEntry fp/upperCase.js
1108 silly gunzTarPerm extractEntry fp/before.js
1109 silly gunzTarPerm extractEntry fp/upperFirst.js
1110 silly gunzTarPerm extractEntry fp/attempt.js
1111 silly gunzTarPerm extractEntry fp/useWith.js
1112 silly gunzTarPerm extractEntry fp/at.js
1113 silly gunzTarPerm extractEntry fp/util.js
1114 silly gunzTarPerm extractEntry fp/assocPath.js
1115 silly gunzTarPerm extractEntry fp/value.js
1116 silly gunzTarPerm extractEntry fp/assoc.js
1117 silly gunzTarPerm extractEntry fp/valueOf.js
1118 silly gunzTarPerm extractEntry fp/assignWith.js
1119 silly gunzTarPerm extractEntry fp/values.js
1120 silly gunzTarPerm extractEntry fp/assignInWith.js
1121 silly gunzTarPerm extractEntry fp/valuesIn.js
1122 silly gunzTarPerm extractEntry fp/assignIn.js
1123 silly gunzTarPerm extractEntry fp/whereEq.js
1124 silly gunzTarPerm extractEntry fp/assign.js
1125 silly gunzTarPerm extractEntry fp/without.js
1126 silly gunzTarPerm extractEntry fp/ary.js
1127 silly gunzTarPerm extractEntry fp/words.js
1128 silly gunzTarPerm extractEntry fp/array.js
1129 silly gunzTarPerm extractEntry fp/wrap.js
1130 silly gunzTarPerm extractEntry fp/apply.js
1131 silly gunzTarPerm extractEntry fp/wrapperAt.js
1132 silly gunzTarPerm extractEntry fp/anyPass.js
1133 silly gunzTarPerm extractEntry fp/wrapperChain.js
1134 silly gunzTarPerm extractEntry fp/any.js
1135 silly gunzTarPerm extractEntry fp/wrapperLodash.js
1136 silly gunzTarPerm extractEntry fp/always.js
1137 silly gunzTarPerm extractEntry fp/wrapperReverse.js
1138 silly gunzTarPerm extractEntry fp/allPass.js
1139 silly gunzTarPerm extractEntry fp/wrapperValue.js
1140 silly gunzTarPerm extractEntry fp/all.js
1141 silly gunzTarPerm extractEntry fp/xor.js
1142 silly gunzTarPerm extractEntry fp/after.js
1143 silly gunzTarPerm extractEntry fp/xorBy.js
1144 silly gunzTarPerm extractEntry fp/add.js
1145 silly gunzTarPerm extractEntry fp/xorWith.js
1146 silly gunzTarPerm extractEntry fp/_util.js
1147 silly gunzTarPerm extractEntry fp/zip.js
1148 silly gunzTarPerm extractEntry fp/_mapping.js
1149 silly gunzTarPerm extractEntry fp/zipObj.js
1150 silly gunzTarPerm extractEntry fp/_falseOptions.js
1151 silly gunzTarPerm extractEntry fp/zipObject.js
1152 silly gunzTarPerm extractEntry fp/_convertBrowser.js
1153 silly gunzTarPerm extractEntry fp/zipObjectDeep.js
1154 silly gunzTarPerm extractEntry fp/_baseConvert.js
1155 silly gunzTarPerm extractEntry fp/zipWith.js
1156 silly gunzTarPerm extractEntry fp/lt.js
1157 verbose write writing to /Users/laperlablancaIV/Documents/Universidad/Linköping/TDDD29/TDDD272016_BOOKUS/node_modules/google-books-search/node_modules/lodash/package.json
1158 info preinstall lodash@4.12.0
1159 verbose readDependencies loading dependencies from /Users/laperlablancaIV/Documents/Universidad/Linköping/TDDD29/TDDD272016_BOOKUS/node_modules/google-books-search/node_modules/lodash/package.json
1160 verbose readDependencies loading dependencies from /Users/laperlablancaIV/Documents/Universidad/Linköping/TDDD29/TDDD272016_BOOKUS/node_modules/google-books-search/node_modules/lodash/package.json
1161 silly install resolved []
1162 verbose about to build /Users/laperlablancaIV/Documents/Universidad/Linköping/TDDD29/TDDD272016_BOOKUS/node_modules/google-books-search/node_modules/lodash
1163 info build /Users/laperlablancaIV/Documents/Universidad/Linköping/TDDD29/TDDD272016_BOOKUS/node_modules/google-books-search/node_modules/lodash
1164 info linkStuff lodash@4.12.0
1165 silly linkStuff lodash@4.12.0 has /Users/laperlablancaIV/Documents/Universidad/Linköping/TDDD29/TDDD272016_BOOKUS/node_modules/google-books-search/node_modules as its parent node_modules
1166 verbose linkBins lodash@4.12.0
1167 verbose linkMans lodash@4.12.0
1168 verbose rebuildBundles lodash@4.12.0
1169 info install lodash@4.12.0
1170 info postinstall lodash@4.12.0
1171 verbose unlock done using /Users/laperlablancaIV/.npm/_locks/lodash-1a7a2462a92f0099.lock for /Users/laperlablancaIV/Documents/Universidad/Linköping/TDDD29/TDDD272016_BOOKUS/node_modules/google-books-search/node_modules/lodash
1172 verbose about to build /Users/laperlablancaIV/Documents/Universidad/Linköping/TDDD29/TDDD272016_BOOKUS/node_modules/google-books-search
1173 info build /Users/laperlablancaIV/Documents/Universidad/Linköping/TDDD29/TDDD272016_BOOKUS/node_modules/google-books-search
1174 info linkStuff google-books-search@0.3.0
1175 silly linkStuff google-books-search@0.3.0 has /Users/laperlablancaIV/Documents/Universidad/Linköping/TDDD29/TDDD272016_BOOKUS/node_modules as its parent node_modules
1176 verbose linkBins google-books-search@0.3.0
1177 verbose linkMans google-books-search@0.3.0
1178 verbose rebuildBundles google-books-search@0.3.0
1179 verbose rebuildBundles [ 'lodash', 'querystring' ]
1180 info install google-books-search@0.3.0
1181 info postinstall google-books-search@0.3.0
1182 verbose unlock done using /Users/laperlablancaIV/.npm/_locks/google-books-search-cc1804b93feb8508.lock for /Users/laperlablancaIV/Documents/Universidad/Linköping/TDDD29/TDDD272016_BOOKUS/node_modules/google-books-search
1183 verbose validateInstall loading /Users/laperlablancaIV/Documents/Universidad/Linköping/TDDD29/TDDD272016_BOOKUS/package.json for validation
1184 verbose stack Error: The package karma-requirejs@0.1.0 does not satisfy its siblings' peerDependencies requirements!
1184 verbose stack     at /usr/local/lib/node_modules/npm/lib/install.js:125:32
1184 verbose stack     at /usr/local/lib/node_modules/npm/lib/install.js:268:7
1184 verbose stack     at /usr/local/lib/node_modules/npm/node_modules/read-installed/read-installed.js:142:5
1184 verbose stack     at /usr/local/lib/node_modules/npm/node_modules/read-installed/read-installed.js:263:14
1184 verbose stack     at cb (/usr/local/lib/node_modules/npm/node_modules/slide/lib/async-map.js:47:24)
1184 verbose stack     at /usr/local/lib/node_modules/npm/node_modules/read-installed/read-installed.js:263:14
1184 verbose stack     at cb (/usr/local/lib/node_modules/npm/node_modules/slide/lib/async-map.js:47:24)
1184 verbose stack     at /usr/local/lib/node_modules/npm/node_modules/read-installed/read-installed.js:263:14
1184 verbose stack     at cb (/usr/local/lib/node_modules/npm/node_modules/slide/lib/async-map.js:47:24)
1184 verbose stack     at /usr/local/lib/node_modules/npm/node_modules/read-installed/read-installed.js:263:14
1185 verbose cwd /Users/laperlablancaIV/Documents/Universidad/Linköping/TDDD29/TDDD272016_BOOKUS
1186 error Darwin 15.4.0
1187 error argv "/usr/local/Cellar/node/4.1.2/bin/node" "/usr/local/bin/npm" "install" "--save" "google-books-search"
1188 error node v4.1.2
1189 error npm  v2.14.6
1190 error code EPEERINVALID
1191 error peerinvalid The package karma-requirejs@0.1.0 does not satisfy its siblings' peerDependencies requirements!
1191 error peerinvalid Peer karma@0.10.10 wants karma-requirejs@~0.2.0
1192 verbose exit [ 1, true ]
